<?xml version="1.0" encoding="UTF-8"?>
<testsuite xmlns:xsi="http://www.w3.org/2001/XMLSchema-instance" xsi:noNamespaceSchemaLocation="https://maven.apache.org/surefire/maven-surefire-plugin/xsd/surefire-test-report.xsd" name="org.shubhamsingh.sssm.model.validator.ValidLastDividendValidatorTest" time="0.003" tests="4" errors="0" skipped="0" failures="0">
  <properties>
[...]
</properties>
  <testcase name="verify_invalid_null_value" classname="org.shubhamsingh.sssm.model.validator.ValidLastDividendValidatorTest" time="0"/>
  <testcase name="verify_invalid_nonnull_ltzero_value" classname="org.shubhamsingh.sssm.model.validator.ValidLastDividendValidatorTest" time="0.001"/>
  <testcase name="verify_valid_nonnull_zero_value" classname="org.shubhamsingh.sssm.model.validator.ValidLastDividendValidatorTest" time="0.001"/>
  <testcase name="verify_valid_nonnull_nonzero_value" classname="org.shubhamsingh.sssm.model.validator.ValidLastDividendValidatorTest" time="0.001"/>
</testsuite>